<file>calendar-arrow-left.svg
<file>calendar-arrow-right.svg
<file>calendar-today.svg
<file>checkbox-focused.svg
<file>checkbox-off-focused.svg
<file>checkbox-off.svg
<file>checkbox.svg
<file>close-window-active.svg
<file>close-window-hover.svg
<file>close-window.svg
<file>corner-ripple-ltr.png
<file>corner-ripple-rtl.png
<file>dash-placeholder.svg
<file>gnome-shell.css
<file>gnome-shell-high-contrast.css
<file>icons/message-indicator-symbolic.svg
<file>key-enter.svg
<file>key-hide.svg
<file>key-layout.svg
<file>key-shift-latched-uppercase.svg
<file>key-shift.svg
<file>key-shift-uppercase.svg
<file>no-events.svg
<file>noise-texture.png
<file>no-notifications.svg
<file>pad-osd.css
<file>page-indicator-active.svg
<file>page-indicator-checked.svg
<file>page-indicator-hover.svg
<file>page-indicator-inactive.svg
<file>process-working.svg
<file>toggle-off-hc.svg
<file>toggle-off-intl.svg
<file>toggle-off-us.svg
<file>toggle-on-hc.svg
<file>toggle-on-intl.svg
<file>toggle-on-us.svg
<file>valknut.jpg
